{
  "RSpec": {
    "coverage": {
      "/myapp/spec/concerns/calculate_travel_time_handling_spec.rb": {
        "lines": [
          null,
          null,
          1,
          null,
          1,
          1,
          null,
          3,
          3,
          3,
          3,
          1,
          2,
          null,
          null,
          null,
          1,
          2,
          null,
          null,
          null,
          1,
          2,
          2,
          2,
          2,
          2,
          2,
          null,
          null,
          1,
          1,
          1,
          null,
          null,
          null,
          1,
          1,
          1,
          null,
          null,
          null
        ]
      },
      "/myapp/spec/rails_helper.rb": {
        "lines": [
          null,
          null,
          1,
          1,
          1,
          1,
          1,
          1,
          1,
          1,
          null,
          1,
          1,
          1,
          1,
          null,
          null,
          null,
          null,
          null,
          null,
          null,
          null,
          null,
          null,
          null,
          null,
          3,
          null,
          null,
          null,
          null,
          1,
          null,
          0,
          null,
          null,
          1,
          1,
          1,
          1,
          1,
          1,
          1,
          1,
          1,
          null
        ]
      },
      "/myapp/config/environment.rb": {
        "lines": [
          null,
          null,
          null,
          1,
          null,
          null,
          1
        ]
      },
      "/myapp/config/application.rb": {
        "lines": [
          null,
          null,
          1,
          null,
          1,
          null,
          1,
          null,
          null,
          null,
          1,
          null,
          1,
          1,
          null,
          1,
          1,
          null,
          null,
          null,
          1,
          null,
          null,
          null,
          null,
          null,
          null,
          1,
          null,
          1,
          1,
          1,
          1,
          null,
          null,
          null,
          null,
          null,
          null,
          null,
          null,
          null,
          null
        ]
      },
      "/myapp/config/boot.rb": {
        "lines": [
          null,
          null,
          1,
          null,
          1,
          1
        ]
      },
      "/myapp/config/environments/test.rb": {
        "lines": [
          null,
          null,
          1,
          null,
          null,
          null,
          null,
          null,
          null,
          1,
          null,
          null,
          null,
          1,
          null,
          null,
          null,
          null,
          null,
          1,
          null,
          null,
          1,
          1,
          null,
          null,
          null,
          null,
          1,
          1,
          1,
          null,
          null,
          1,
          null,
          null,
          1,
          null,
          null,
          1,
          null,
          1,
          null,
          null,
          null,
          null,
          1,
          null,
          null,
          1,
          null,
          null,
          1,
          null,
          null,
          1,
          null,
          null,
          null,
          null,
          null,
          null,
          null,
          null,
          1,
          null,
          1,
          null
        ]
      },
      "/myapp/config/initializers/assets.rb": {
        "lines": [
          null,
          null,
          null,
          null,
          null,
          1,
          null,
          null,
          null,
          null,
          null,
          null,
          null,
          null
        ]
      },
      "/myapp/config/initializers/carrierwave.rb": {
        "lines": [
          null,
          null,
          1,
          1,
          1,
          null,
          1,
          1,
          1,
          1,
          1,
          null,
          null,
          null,
          null,
          null,
          null,
          null
        ]
      },
      "/myapp/config/initializers/content_security_policy.rb": {
        "lines": [
          null,
          null,
          null,
          null,
          null,
          null,
          null,
          null,
          null,
          null,
          null,
          null,
          null,
          null,
          null,
          null,
          null,
          null,
          null,
          null,
          null,
          null,
          null,
          null,
          null,
          null,
          null
        ]
      },
      "/myapp/config/initializers/devise.rb": {
        "lines": [
          null,
          null,
          null,
          null,
          null,
          null,
          null,
          null,
          null,
          null,
          1,
          null,
          null,
          null,
          null,
          null,
          null,
          null,
          null,
          null,
          null,
          1,
          1,
          null,
          null,
          null,
          null,
          null,
          1,
          null,
          null,
          null,
          null,
          null,
          null,
          null,
          null,
          null,
          null,
          null,
          1,
          null,
          null,
          null,
          null,
          null,
          null,
          null,
          null,
          null,
          null,
          null,
          null,
          null,
          null,
          null,
          null,
          null,
          null,
          null,
          null,
          null,
          1,
          null,
          null,
          null,
          null,
          1,
          null,
          null,
          null,
          null,
          null,
          null,
          null,
          null,
          null,
          null,
          null,
          null,
          null,
          null,
          null,
          null,
          null,
          null,
          null,
          null,
          null,
          null,
          null,
          null,
          null,
          null,
          null,
          null,
          null,
          null,
          null,
          null,
          null,
          1,
          null,
          null,
          null,
          null,
          null,
          null,
          null,
          null,
          null,
          null,
          null,
          null,
          null,
          null,
          null,
          null,
          null,
          null,
          null,
          null,
          null,
          null,
          null,
          null,
          null,
          1,
          null,
          null,
          null,
          null,
          null,
          null,
          null,
          null,
          null,
          null,
          null,
          null,
          null,
          null,
          null,
          null,
          null,
          null,
          null,
          null,
          null,
          null,
          null,
          null,
          null,
          null,
          null,
          null,
          null,
          null,
          null,
          null,
          null,
          1,
          null,
          null,
          null,
          null,
          null,
          null,
          null,
          null,
          null,
          1,
          null,
          null,
          null,
          null,
          null,
          null,
          null,
          null,
          null,
          null,
          1,
          null,
          null,
          null,
          null,
          1,
          null,
          null,
          null,
          null,
          null,
          null,
          null,
          null,
          null,
          null,
          null,
          null,
          null,
          null,
          null,
          null,
          null,
          null,
          null,
          null,
          null,
          null,
          null,
          null,
          null,
          null,
          null,
          null,
          null,
          null,
          null,
          null,
          null,
          null,
          null,
          null,
          null,
          null,
          null,
          null,
          1,
          null,
          null,
          null,
          null,
          null,
          null,
          null,
          null,
          null,
          null,
          null,
          null,
          null,
          null,
          null,
          null,
          null,
          null,
          null,
          null,
          null,
          null,
          null,
          null,
          null,
          null,
          null,
          null,
          null,
          null,
          null,
          null,
          null,
          null,
          null,
          null,
          null,
          null,
          null,
          null,
          null,
          1,
          null,
          null,
          null,
          null,
          null,
          null,
          null,
          null,
          null,
          null,
          null,
          null,
          null,
          null,
          null,
          null,
          null,
          null,
          null,
          null,
          null,
          null,
          null,
          null,
          null,
          null,
          null,
          null,
          null,
          null,
          null,
          null,
          null,
          null,
          null,
          1,
          1,
          null,
          null,
          null,
          null,
          null,
          null,
          null
        ]
      },
      "/myapp/config/initializers/filter_parameter_logging.rb": {
        "lines": [
          null,
          null,
          null,
          null,
          null,
          null,
          null,
          1,
          null,
          null
        ]
      },
      "/myapp/config/initializers/geocoder.rb": {
        "lines": [
          null,
          null,
          1,
          null,
          1,
          null,
          null,
          null,
          null
        ]
      },
      "/myapp/config/initializers/inflections.rb": {
        "lines": [
          null,
          null,
          null,
          null,
          null,
          null,
          null,
          null,
          null,
          null,
          null,
          null,
          null,
          null,
          null,
          null,
          null,
          null
        ]
      },
      "/myapp/config/initializers/permissions_policy.rb": {
        "lines": [
          null,
          null,
          null,
          null,
          null,
          null,
          null,
          null,
          null,
          null,
          null,
          null,
          null,
          null,
          null
        ]
      },
      "/myapp/spec/factories/comments.rb": {
        "lines": [
          null,
          null,
          1,
          1,
          1,
          1,
          3,
          null,
          null
        ]
      },
      "/myapp/spec/factories/notifications.rb": {
        "lines": [
          null,
          null,
          1,
          1,
          1,
          4,
          1,
          1,
          1,
          1,
          null,
          null
        ]
      },
      "/myapp/spec/factories/place_histories.rb": {
        "lines": [
          null,
          null,
          1,
          1,
          1,
          1,
          null,
          null
        ]
      },
      "/myapp/spec/factories/places.rb": {
        "lines": [
          null,
          null,
          1,
          1,
          1,
          28,
          28,
          69,
          69,
          69,
          28,
          69,
          null,
          null
        ]
      },
      "/myapp/spec/factories/places_favorites.rb": {
        "lines": [
          null,
          null,
          1,
          1,
          1,
          1,
          null,
          null
        ]
      },
      "/myapp/spec/factories/review_favorites.rb": {
        "lines": [
          null,
          null,
          1,
          1,
          1,
          1,
          null,
          null
        ]
      },
      "/myapp/spec/factories/reviews.rb": {
        "lines": [
          null,
          null,
          1,
          1,
          1,
          1,
          17,
          17,
          null,
          null
        ]
      },
      "/myapp/spec/factories/reviews_likes.rb": {
        "lines": [
          null,
          null,
          1,
          1,
          1,
          1,
          null,
          null
        ]
      },
      "/myapp/spec/factories/sns_credentials.rb": {
        "lines": [
          null,
          null,
          1,
          1,
          null,
          null
        ]
      },
      "/myapp/spec/factories/users.rb": {
        "lines": [
          null,
          null,
          1,
          1,
          63,
          50,
          50,
          63,
          null,
          null
        ]
      },
      "/myapp/config/routes.rb": {
        "lines": [
          null,
          null,
          1,
          1,
          1,
          1,
          1,
          1,
          1,
          1,
          1,
          1,
          1,
          1,
          null,
          null,
          1,
          1,
          1,
          1,
          1,
          1,
          1,
          1,
          1,
          1,
          1,
          null
        ]
      },
      "/myapp/app/models/user.rb": {
        "lines": [
          null,
          null,
          1,
          1,
          1,
          1,
          1,
          1,
          1,
          1,
          1,
          1,
          1,
          1,
          1,
          null,
          1,
          null,
          null,
          null,
          1,
          24,
          null,
          null,
          1,
          0,
          0,
          null,
          0,
          0,
          0,
          0,
          null,
          null,
          1,
          0,
          0,
          0,
          0,
          null,
          null,
          null,
          1,
          0,
          0,
          null,
          null
        ]
      },
      "/myapp/app/models/application_record.rb": {
        "lines": [
          null,
          null,
          1,
          1,
          null
        ]
      },
      "/myapp/app/uploaders/user_image_uploader.rb": {
        "lines": [
          null,
          null,
          1,
          null,
          null,
          null,
          null,
          null,
          1,
          0,
          null,
          1,
          null,
          null,
          null,
          1,
          0,
          null,
          null,
          null,
          null,
          null,
          null,
          null,
          null,
          null,
          1,
          24,
          null,
          null,
          null,
          null,
          null,
          null,
          null,
          null,
          null,
          null,
          null,
          null,
          null,
          null,
          null,
          null,
          1,
          0,
          null,
          null,
          null,
          null,
          null,
          null,
          null,
          null
        ]
      },
      "/myapp/app/helpers/application_helper.rb": {
        "lines": [
          null,
          null,
          1,
          1,
          2,
          0,
          2,
          0,
          null,
          null,
          null,
          1,
          10,
          null,
          null,
          null,
          null,
          null,
          null,
          null,
          null,
          null,
          null
        ]
      },
      "/myapp/spec/support/controller_macros.rb": {
        "lines": [
          1,
          1,
          0,
          0,
          0,
          0,
          null,
          null,
          null
        ]
      },
      "/myapp/spec/support/devise.rb": {
        "lines": [
          null,
          1,
          1,
          1,
          null
        ]
      },
      "/myapp/app/controllers/concerns/calculate_travel_time_handling.rb": {
        "lines": [
          null,
          null,
          1,
          1,
          null,
          1,
          1,
          1,
          null,
          1,
          1,
          null,
          null,
          1,
          1,
          1,
          1,
          1,
          1,
          null,
          null,
          1,
          1,
          1,
          1,
          null,
          null,
          1,
          1,
          null,
          1,
          null,
          null
        ]
      },
      "/myapp/spec/concerns/index_handling_spec.rb": {
        "lines": [
          null,
          null,
          1,
          null,
          1,
          1,
          1,
          1,
          1,
          null,
          null,
          2,
          2,
          null,
          1,
          1,
          null,
          null,
          1,
          1,
          1,
          1,
          1,
          1,
          null,
          null,
          null
        ]
      },
      "/myapp/app/controllers/concerns/index_handling.rb": {
        "lines": [
          null,
          null,
          1,
          1,
          null,
          1,
          1,
          null,
          1,
          1,
          1,
          null,
          null,
          null,
          1,
          null,
          1,
          0,
          0,
          null,
          null,
          1,
          0,
          0,
          null,
          null,
          1,
          0,
          0,
          0,
          0,
          0,
          0,
          null,
          null,
          1,
          0,
          null,
          null,
          1,
          0,
          0,
          null,
          0,
          null,
          null,
          null,
          1,
          0,
          null,
          0,
          null,
          null,
          1,
          0,
          0,
          null,
          0,
          null,
          null,
          null,
          1,
          0,
          null,
          0,
          null,
          null,
          0,
          0,
          0,
          0,
          0,
          null,
          null,
          null
        ]
      },
      "/myapp/spec/concerns/search_handling_spec.rb": {
        "lines": [
          null,
          null,
          1,
          null,
          1,
          1,
          2,
          2,
          2,
          null,
          2,
          2,
          2,
          null,
          null,
          2,
          0,
          null,
          null,
          2,
          0,
          null,
          null,
          null,
          null,
          3,
          null,
          1,
          2,
          null,
          null,
          null,
          null,
          null,
          null,
          null,
          null,
          1,
          1,
          1,
          1,
          null,
          null,
          null,
          1,
          1,
          1,
          1,
          null,
          null,
          null
        ]
      },
      "/myapp/app/controllers/concerns/search_handling.rb": {
        "lines": [
          null,
          null,
          1,
          1,
          null,
          1,
          5,
          13,
          null,
          null,
          null,
          1,
          6,
          6,
          6,
          6,
          6,
          6,
          null,
          null,
          1,
          null,
          5,
          null,
          null,
          null,
          null,
          1,
          4,
          4,
          4,
          null,
          0,
          0,
          null,
          null,
          null,
          1,
          null,
          1,
          4,
          4,
          12,
          4,
          4,
          null,
          null
        ]
      },
      "/myapp/spec/controllers/comments_controller_spec.rb": {
        "lines": [
          null,
          null,
          1,
          null,
          1,
          7,
          7,
          7,
          3,
          null,
          1,
          6,
          null,
          null,
          1,
          1,
          1,
          1,
          1,
          null,
          null,
          null,
          1,
          1,
          1,
          1,
          null,
          null,
          null,
          1,
          1,
          1,
          1,
          null,
          null,
          null,
          1,
          1,
          1,
          1,
          null,
          null,
          null,
          null,
          1,
          1,
          3,
          null,
          1,
          1,
          1,
          null,
          null,
          null,
          1,
          1,
          1,
          1,
          null,
          null,
          null,
          null
        ]
      },
      "/myapp/app/controllers/comments_controller.rb": {
        "lines": [
          null,
          null,
          1,
          1,
          1,
          1,
          1,
          null,
          1,
          4,
          4,
          null,
          4,
          2,
          2,
          null,
          2,
          null,
          null,
          null,
          1,
          2,
          2,
          null,
          null,
          1,
          null,
          1,
          6,
          null,
          null,
          1,
          6,
          null,
          null,
          1,
          2,
          null,
          null,
          1,
          4,
          null,
          null
        ]
      },
      "/myapp/app/controllers/application_controller.rb": {
        "lines": [
          null,
          null,
          1,
          1,
          null,
          1,
          null,
          1,
          18,
          null,
          null,
          1,
          5,
          null,
          null,
          null,
          null,
          null,
          null,
          null,
          null,
          null,
          null
        ]
      },
      "/myapp/spec/controllers/my_reviews_controller_spec.rb": {
        "lines": [
          null,
          null,
          1,
          null,
          1,
          null
        ]
      },
      "/myapp/app/controllers/my_reviews_controller.rb": {
        "lines": [
          null,
          null,
          1,
          1,
          null,
          1,
          0,
          0,
          null,
          null
        ]
      },
      "/myapp/app/controllers/reviews_controller.rb": {
        "lines": [
          null,
          null,
          1,
          1,
          1,
          1,
          1,
          1,
          null,
          1,
          4,
          4,
          4,
          4,
          null,
          null,
          1,
          1,
          null,
          null,
          1,
          2,
          2,
          null,
          2,
          0,
          null,
          2,
          2,
          null,
          null,
          null,
          1,
          1,
          null,
          null,
          1,
          null,
          1,
          3,
          2,
          null,
          1,
          null,
          null,
          null,
          1,
          2,
          2,
          null,
          null,
          1,
          null,
          1,
          9,
          null,
          null,
          1,
          7,
          null,
          null,
          1,
          5,
          null,
          null,
          1,
          5,
          null,
          null,
          1,
          5,
          null,
          null,
          1,
          4,
          4,
          7,
          null,
          4,
          null,
          null,
          1,
          4,
          4,
          4,
          4,
          null,
          null,
          1,
          1,
          null,
          null,
          1,
          1,
          null,
          null,
          1,
          1,
          1,
          null,
          null
        ]
      },
      "/myapp/spec/controllers/notifications_controller_spec.rb": {
        "lines": [
          null,
          null,
          1,
          null,
          1,
          1,
          null,
          4,
          4,
          4,
          4,
          4,
          4,
          4,
          null,
          1,
          3,
          null,
          null,
          1,
          1,
          1,
          1,
          null,
          null,
          1,
          1,
          1,
          1,
          1,
          null,
          null,
          1,
          1,
          1,
          1,
          null,
          null,
          null
        ]
      },
      "/myapp/app/controllers/notifications_controller.rb": {
        "lines": [
          null,
          null,
          1,
          1,
          null,
          1,
          3,
          3,
          6,
          null,
          null,
          null
        ]
      },
      "/myapp/spec/controllers/place_favorites_controller_spec.rb": {
        "lines": [
          null,
          null,
          1,
          null,
          1,
          7,
          7,
          7,
          null,
          1,
          6,
          null,
          null,
          1,
          1,
          null,
          1,
          1,
          1,
          null,
          null,
          1,
          1,
          1,
          1,
          null,
          null,
          null,
          1,
          1,
          1,
          1,
          2,
          null,
          null,
          1,
          1,
          1,
          null,
          null,
          null,
          1,
          1,
          1,
          1,
          2,
          null,
          null,
          1,
          1,
          1,
          null,
          null,
          null
        ]
      },
      "/myapp/app/controllers/place_favorites_controller.rb": {
        "lines": [
          null,
          null,
          1,
          1,
          1,
          1,
          null,
          1,
          2,
          2,
          null,
          null,
          1,
          2,
          2,
          2,
          null,
          null,
          1,
          2,
          2,
          2,
          null,
          null,
          1,
          null,
          1,
          4,
          null,
          null,
          1,
          2,
          null,
          null
        ]
      },
      "/myapp/app/controllers/places_controller.rb": {
        "lines": [
          null,
          null,
          1,
          1,
          1,
          null,
          1,
          5,
          null,
          null,
          1,
          null,
          1,
          10,
          null,
          null,
          1,
          10,
          10,
          10,
          10,
          null,
          null,
          1,
          1,
          null,
          null,
          1,
          1,
          null,
          null,
          1,
          1,
          1,
          null,
          null,
          1,
          0,
          null,
          null
        ]
      },
      "/myapp/spec/controllers/place_histories_controller_spec.rb": {
        "lines": [
          null,
          null,
          1,
          null,
          1,
          6,
          6,
          6,
          null,
          1,
          5,
          null,
          null,
          1,
          1,
          null,
          1,
          1,
          1,
          null,
          null,
          1,
          1,
          1,
          1,
          null,
          null,
          1,
          1,
          1,
          1,
          null,
          null,
          null,
          1,
          1,
          1,
          1,
          2,
          null,
          null,
          1,
          1,
          1,
          1,
          null,
          null,
          null
        ]
      },
      "/myapp/app/controllers/place_histories_controller.rb": {
        "lines": [
          null,
          null,
          1,
          1,
          1,
          null,
          1,
          3,
          3,
          3,
          3,
          null,
          null,
          1,
          2,
          2,
          null,
          2,
          2,
          null,
          null,
          1,
          null,
          1,
          2,
          null,
          null
        ]
      },
      "/myapp/spec/controllers/places_controller_spec.rb": {
        "lines": [
          null,
          null,
          1,
          null,
          1,
          1,
          7,
          7,
          7,
          7,
          null,
          1,
          6,
          null,
          null,
          1,
          1,
          1,
          1,
          1,
          null,
          null,
          1,
          1,
          1,
          1,
          1,
          null,
          null,
          null,
          1,
          1,
          1,
          null,
          null,
          1,
          1,
          1,
          null,
          null,
          null,
          1,
          1,
          1,
          1,
          1,
          1,
          null,
          null,
          null,
          1,
          1,
          1,
          1,
          1,
          1,
          null,
          null,
          null,
          1,
          1,
          1,
          1,
          1,
          1,
          null,
          null,
          null,
          null
        ]
      },
      "/myapp/spec/controllers/profiles_controller_spec.rb": {
        "lines": [
          null,
          null,
          1,
          null,
          1,
          8,
          null,
          1,
          7,
          null,
          null,
          1,
          1,
          1,
          1,
          null,
          null,
          null,
          1,
          1,
          1,
          1,
          null,
          null,
          null,
          null,
          1,
          1,
          1,
          1,
          1,
          1,
          null,
          null,
          1,
          1,
          1,
          null,
          null,
          1,
          1,
          1,
          null,
          null,
          null,
          1,
          1,
          1,
          1,
          1,
          null,
          null,
          1,
          1,
          1,
          null,
          null,
          null,
          null
        ]
      },
      "/myapp/app/controllers/profiles_controller.rb": {
        "lines": [
          null,
          null,
          1,
          1,
          1,
          null,
          1,
          null,
          1,
          null,
          1,
          5,
          3,
          3,
          null,
          2,
          2,
          null,
          null,
          null,
          1,
          null,
          1,
          6,
          null,
          null,
          1,
          5,
          null,
          null
        ]
      },
      "/myapp/spec/controllers/review_favorites_controller_spec.rb": {
        "lines": [
          null,
          null,
          1,
          null,
          1,
          1,
          4,
          4,
          4,
          4,
          null,
          1,
          3,
          null,
          null,
          1,
          1,
          1,
          1,
          null,
          null,
          null,
          1,
          1,
          1,
          1,
          null,
          null,
          null,
          null,
          1,
          1,
          1,
          1,
          null,
          null,
          null,
          null
        ]
      },
      "/myapp/app/controllers/review_favorites_controller.rb": {
        "lines": [
          null,
          null,
          1,
          1,
          1,
          null,
          1,
          1,
          1,
          null,
          null,
          1,
          1,
          1,
          1,
          null,
          null,
          1,
          1,
          1,
          1,
          null,
          null,
          1,
          null,
          1,
          2,
          null,
          null,
          1,
          1,
          1,
          1,
          null,
          null,
          1,
          1,
          null,
          0,
          null,
          null,
          1,
          1,
          null,
          0,
          null,
          null,
          1,
          1,
          null,
          0,
          0,
          null,
          null
        ]
      },
      "/myapp/spec/controllers/reviews_controller_spec.rb": {
        "lines": [
          null,
          null,
          1,
          null,
          1,
          1,
          15,
          15,
          15,
          null,
          1,
          14,
          null,
          null,
          1,
          1,
          1,
          1,
          null,
          null,
          1,
          4,
          4,
          4,
          4,
          4,
          4,
          null,
          1,
          1,
          1,
          1,
          1,
          null,
          null,
          1,
          1,
          1,
          1,
          1,
          null,
          null,
          1,
          1,
          1,
          1,
          1,
          null,
          null,
          null,
          null,
          1,
          1,
          1,
          1,
          null,
          null,
          null,
          1,
          1,
          1,
          1,
          1,
          null,
          null,
          null,
          null,
          1,
          1,
          1,
          1,
          null,
          null,
          null,
          null,
          null,
          1,
          1,
          1,
          1,
          null,
          null,
          null,
          1,
          1,
          1,
          1,
          null,
          null,
          null,
          1,
          1,
          1,
          1,
          1,
          1,
          1,
          null,
          null,
          1,
          1,
          1,
          null,
          null,
          null,
          1,
          1,
          1,
          1,
          1,
          1,
          null,
          null,
          null,
          null,
          1,
          1,
          1,
          1,
          1,
          null,
          null,
          null,
          1,
          1,
          1,
          null,
          null,
          null
        ]
      },
      "/myapp/spec/controllers/reviews_likes_controller_spec.rb": {
        "lines": [
          null,
          null,
          1,
          null,
          1,
          5,
          5,
          5,
          null,
          1,
          4,
          null,
          null,
          1,
          1,
          1,
          1,
          1,
          null,
          null,
          null,
          1,
          1,
          1,
          null,
          null,
          null,
          null,
          1,
          1,
          1,
          null,
          null,
          1,
          1,
          1,
          null,
          null,
          null,
          null,
          null,
          1,
          1,
          1,
          null,
          null,
          1,
          1,
          1,
          null,
          null,
          null,
          null
        ]
      },
      "/myapp/app/controllers/reviews_likes_controller.rb": {
        "lines": [
          null,
          null,
          1,
          1,
          1,
          null,
          1,
          3,
          3,
          3,
          3,
          3,
          null,
          null,
          1,
          1,
          1,
          1,
          1,
          null,
          null,
          1,
          null,
          1,
          4,
          null,
          null
        ]
      },
      "/myapp/spec/controllers/searches_controller_spec.rb": {
        "lines": [
          null,
          null,
          1,
          null,
          1,
          10,
          1,
          9,
          null,
          null,
          null,
          1,
          9,
          9,
          9,
          9,
          9,
          null,
          null,
          1,
          1,
          1,
          1,
          null,
          null,
          1,
          1,
          1,
          null,
          null,
          1,
          1,
          1,
          null,
          null,
          1,
          1,
          1,
          null,
          null,
          1,
          1,
          1,
          null,
          null,
          null,
          1,
          2,
          null,
          1,
          1,
          null,
          null,
          1,
          1,
          1,
          1,
          null,
          null,
          null,
          4,
          4,
          3,
          null,
          1,
          1,
          3,
          null,
          null,
          null,
          null,
          null,
          1,
          2,
          null,
          1,
          1,
          1,
          1,
          null,
          null,
          null,
          1,
          2,
          null,
          1,
          1,
          null,
          1,
          1,
          null,
          null,
          null,
          1,
          2,
          null,
          1,
          1,
          null,
          null,
          null,
          null,
          null
        ]
      },
      "/myapp/app/controllers/searches_controller.rb": {
        "lines": [
          null,
          null,
          1,
          1,
          1,
          1,
          null,
          1,
          1,
          1,
          1,
          null,
          1,
          5,
          null,
          5,
          5,
          5,
          5,
          5,
          null,
          null,
          1,
          3,
          1,
          1,
          null,
          null,
          1,
          2,
          2,
          2,
          2,
          2,
          null,
          null,
          1,
          3,
          null,
          1,
          null,
          1,
          null,
          1,
          null,
          null,
          null,
          1,
          null,
          1,
          0,
          null,
          null,
          1,
          0,
          0,
          null,
          null,
          1,
          0,
          0,
          null,
          null,
          1,
          0,
          0,
          null,
          0,
          null,
          null,
          null,
          1,
          5,
          null,
          0,
          0,
          null,
          0,
          0,
          0,
          null,
          null,
          0,
          null,
          0,
          null,
          null,
          1,
          0,
          null,
          null,
          null,
          null,
          null
        ]
      },
      "/myapp/spec/controllers/static_pages_controller_spec.rb": {
        "lines": [
          null,
          null,
          1,
          null,
          1,
          null
        ]
      },
      "/myapp/app/controllers/static_pages_controller.rb": {
        "lines": [
          null,
          null,
          1,
          1,
          null
        ]
      },
      "/myapp/spec/controllers/users/omniauth_callbacks_controller_spec.rb": {
        "lines": [
          null,
          null,
          1,
          null,
          1,
          null,
          1,
          1,
          3,
          3,
          null,
          null,
          null,
          null,
          null,
          null,
          null,
          null,
          null,
          null,
          null,
          3,
          null,
          null,
          1,
          1,
          1,
          1,
          1,
          null,
          1,
          null,
          1,
          1,
          1,
          null,
          null,
          null,
          1,
          1,
          1,
          1,
          1,
          null,
          1,
          null,
          1,
          1,
          null,
          null,
          null,
          1,
          1,
          1,
          1,
          1,
          null,
          1,
          null,
          1,
          1,
          null,
          null,
          null,
          null,
          1,
          1,
          2,
          2,
          null,
          null,
          null,
          null,
          null,
          null,
          null,
          null,
          null,
          null,
          null,
          2,
          null,
          null,
          1,
          1,
          1,
          1,
          1,
          null,
          1,
          null,
          1,
          1,
          1,
          null,
          null,
          null,
          1,
          1,
          1,
          1,
          1,
          null,
          1,
          null,
          1,
          1,
          null,
          null,
          null,
          null
        ]
      },
      "/myapp/app/controllers/users/omniauth_callbacks_controller.rb": {
        "lines": [
          null,
          null,
          1,
          1,
          1,
          null,
          1,
          2,
          2,
          1,
          1,
          null,
          1,
          1,
          null,
          null,
          null,
          1,
          3,
          3,
          1,
          1,
          null,
          2,
          2,
          null,
          null,
          null,
          1,
          0,
          null,
          null,
          null
        ]
      },
      "/myapp/spec/controllers/users/passwords_controller_spec.rb": {
        "lines": [
          null,
          1,
          null,
          1,
          4,
          null,
          1,
          1,
          1,
          1,
          1,
          1,
          1,
          1,
          null,
          null,
          null,
          1,
          1,
          1,
          1,
          1,
          1,
          null,
          null,
          1,
          1,
          1,
          null,
          null,
          null,
          null
        ]
      },
      "/myapp/spec/controllers/users/registrations_controller_spec.rb": {
        "lines": [
          null,
          1,
          null,
          1,
          1,
          4,
          null,
          null,
          1,
          1,
          1,
          1,
          1,
          null,
          null,
          null,
          1,
          1,
          1,
          null,
          null,
          null,
          1,
          1,
          1,
          1,
          null,
          null,
          null,
          1,
          1,
          1,
          null,
          null,
          null,
          null
        ]
      },
      "/myapp/spec/controllers/users/sessions_controller_spec.rb": {
        "lines": [
          1,
          null,
          1,
          1,
          4,
          null,
          null,
          1,
          5,
          null,
          1,
          1,
          1,
          1,
          null,
          null,
          1,
          1,
          1,
          null,
          null,
          null,
          1,
          1,
          1,
          1,
          null,
          null,
          1,
          1,
          1,
          null,
          null,
          null,
          null
        ]
      },
      "/myapp/spec/models/comment_spec.rb": {
        "lines": [
          null,
          null,
          1,
          null,
          1,
          null
        ]
      },
      "/myapp/app/models/comment.rb": {
        "lines": [
          null,
          null,
          1,
          1,
          1,
          1,
          1,
          null
        ]
      },
      "/myapp/spec/models/notification_spec.rb": {
        "lines": [
          null,
          null,
          1,
          null,
          1,
          null
        ]
      },
      "/myapp/app/models/notification.rb": {
        "lines": [
          null,
          null,
          1,
          1,
          1,
          1,
          1,
          null
        ]
      },
      "/myapp/spec/models/place_history_spec.rb": {
        "lines": [
          null,
          null,
          1,
          null,
          1,
          null
        ]
      },
      "/myapp/app/models/place_history.rb": {
        "lines": [
          null,
          null,
          1,
          1,
          1,
          null,
          1,
          null,
          1,
          3,
          null,
          null
        ]
      },
      "/myapp/spec/models/place_spec.rb": {
        "lines": [
          null,
          null,
          1,
          null,
          1,
          null
        ]
      },
      "/myapp/app/models/place.rb": {
        "lines": [
          null,
          null,
          1,
          1,
          1,
          1,
          1,
          1,
          null,
          1,
          0,
          null,
          null
        ]
      },
      "/myapp/app/uploaders/place_image_uploader.rb": {
        "lines": [
          null,
          null,
          1,
          null,
          null,
          null,
          null,
          null,
          1,
          0,
          null,
          1,
          null,
          null,
          null,
          null,
          null,
          1,
          0,
          null,
          null,
          null,
          null,
          null,
          null,
          null,
          null,
          null,
          null,
          null,
          null,
          null,
          null,
          null,
          null,
          null,
          null,
          null,
          null,
          null,
          null,
          null,
          null,
          1,
          0,
          null,
          null,
          null,
          null,
          null,
          null,
          null,
          null
        ]
      },
      "/myapp/spec/models/places_favorite_spec.rb": {
        "lines": [
          null,
          null,
          1,
          null,
          1,
          null
        ]
      },
      "/myapp/app/models/places_favorite.rb": {
        "lines": [
          null,
          null,
          1,
          1,
          1,
          null,
          1,
          null
        ]
      },
      "/myapp/spec/models/review_favorite_spec.rb": {
        "lines": [
          null,
          null,
          1,
          null,
          1,
          null
        ]
      },
      "/myapp/app/models/review_favorite.rb": {
        "lines": [
          null,
          null,
          1,
          1,
          1,
          null,
          1,
          null
        ]
      },
      "/myapp/spec/models/review_spec.rb": {
        "lines": [
          null,
          null,
          1,
          null,
          1,
          null
        ]
      },
      "/myapp/app/models/review.rb": {
        "lines": [
          null,
          null,
          1,
          1,
          1,
          1,
          1,
          1,
          1,
          null,
          1,
          1,
          1,
          null,
          1,
          2,
          2,
          null,
          2,
          null,
          null,
          null,
          null,
          null,
          2,
          2,
          null,
          null,
          1,
          2,
          2,
          0,
          null,
          2,
          null,
          null,
          1,
          2,
          null,
          null,
          null,
          null,
          null,
          2,
          2,
          null,
          null
        ]
      },
      "/myapp/spec/models/reviews_like_spec.rb": {
        "lines": [
          null,
          null,
          1,
          null,
          1,
          null
        ]
      },
      "/myapp/app/models/reviews_like.rb": {
        "lines": [
          null,
          null,
          1,
          1,
          1,
          null,
          1,
          null
        ]
      },
      "/myapp/spec/models/sns_credential_spec.rb": {
        "lines": [
          null,
          null,
          1,
          null,
          1,
          null
        ]
      },
      "/myapp/app/models/sns_credential.rb": {
        "lines": [
          null,
          null,
          1,
          1,
          null
        ]
      },
      "/myapp/spec/models/user_spec.rb": {
        "lines": [
          null,
          null,
          1,
          null,
          1,
          null
        ]
      },
      "/myapp/spec/services/chatgpt_service_service_spec.rb": {
        "lines": [
          null,
          null,
          1,
          null,
          1,
          4,
          4,
          4,
          null,
          1,
          3,
          3,
          null,
          null,
          null,
          null,
          null,
          null,
          null,
          null,
          null,
          null,
          null,
          null,
          null,
          1,
          1,
          1,
          null,
          null,
          null,
          1,
          1,
          1,
          1,
          null,
          null,
          null,
          1,
          1,
          1,
          null,
          null,
          2,
          null,
          null,
          null,
          null
        ]
      },
      "/myapp/app/services/chatgpt_service.rb": {
        "lines": [
          null,
          null,
          1,
          null,
          1,
          1,
          1,
          null,
          1,
          3,
          null,
          null,
          1,
          2,
          2,
          null,
          null,
          1,
          null,
          1,
          null,
          2,
          null,
          null,
          null,
          null,
          null,
          null,
          null,
          null,
          null,
          null
        ]
      },
      "/myapp/spec/services/google_directions_service_spec.rb": {
        "lines": [
          null,
          null,
          1,
          null,
          1,
          2,
          2,
          2,
          2,
          2,
          null,
          1,
          1,
          1,
          null,
          null,
          null,
          null,
          null,
          null,
          null,
          null,
          null,
          1,
          null,
          1,
          null,
          null,
          null,
          null,
          null,
          null,
          null,
          1,
          1,
          null,
          null,
          null
        ]
      },
      "/myapp/app/services/google_directions_service.rb": {
        "lines": [
          null,
          null,
          1,
          null,
          1,
          1,
          1,
          null,
          1,
          1,
          null,
          null,
          1,
          null,
          1,
          null,
          null,
          null,
          null,
          null,
          null,
          null,
          1,
          null,
          null
        ]
      },
      "/myapp/spec/services/google_places_service_spec.rb": {
        "lines": [
          null,
          null,
          1,
          null,
          1,
          4,
          2,
          2,
          null,
          1,
          1,
          1,
          1,
          null,
          null,
          null,
          1,
          null,
          1,
          null,
          null,
          null,
          null,
          1,
          1,
          1,
          1,
          null,
          null,
          null,
          1,
          null,
          1,
          null,
          null,
          null,
          null,
          1,
          1,
          1,
          1,
          null,
          null,
          1,
          1,
          null,
          null,
          null
        ]
      },
      "/myapp/app/services/google_places_service.rb": {
        "lines": [
          null,
          null,
          1,
          null,
          1,
          1,
          1,
          null,
          1,
          3,
          null,
          null,
          1,
          null,
          1,
          null,
          null,
          null,
          null,
          null,
          null,
          null,
          1,
          null,
          null,
          1,
          null,
          1,
          null,
          null,
          null,
          null,
          null,
          null,
          1,
          null,
          null,
          1,
          null,
          1,
          null,
          null,
          null,
          null,
          null,
          1,
          null,
          null
        ]
      },
      "/myapp/spec/services/navitime_rotes_service_spec.rb": {
        "lines": [
          null,
          null,
          1,
          null,
          1,
          4,
          4,
          4,
          3,
          2,
          2,
          null,
          1,
          3,
          null,
          3,
          null,
          null,
          null,
          null,
          null,
          null,
          null,
          null,
          null,
          null,
          3,
          null,
          null,
          1,
          1,
          1,
          null,
          null,
          1,
          1,
          1,
          null,
          null,
          null,
          1,
          1,
          1,
          1,
          1,
          null,
          null,
          null,
          null,
          null,
          null,
          null,
          null,
          null,
          null,
          null,
          null,
          null,
          null,
          1,
          1,
          null,
          null,
          null
        ]
      },
      "/myapp/app/services/navitime_route_service.rb": {
        "lines": [
          null,
          null,
          1,
          null,
          1,
          1,
          1,
          null,
          1,
          3,
          3,
          null,
          3,
          null,
          null,
          null,
          null,
          null,
          null,
          1,
          null,
          2,
          null,
          null,
          2,
          2,
          2,
          null,
          0,
          null,
          null,
          null,
          1,
          1,
          1,
          1,
          1,
          null,
          null,
          1,
          null,
          1,
          null,
          1,
          null,
          null,
          null,
          null,
          null,
          null,
          1,
          null,
          null,
          1,
          2,
          2,
          null,
          1,
          1,
          1,
          1,
          null,
          0,
          null,
          null,
          null,
          1,
          1,
          null,
          null
        ]
      }
    },
    "timestamp": 1716945748
  }
}
